2025-03-16 10:08:42.616 [main] INFO  com.itheima.TliasWebManagementApplication-Starting TliasWebManagementApplication using Java 21.0.4 with PID 996 (D:\java学习\web-ai-project02\tlias-web-management\target\classes started by ZIO in D:\java学习\web-ai-project02)
2025-03-16 10:08:42.617 [main] INFO  com.itheima.TliasWebManagementApplication-No active profile set, falling back to 1 default profile: "default"
2025-03-16 10:08:43.438 [main] INFO  c.u.j.c.EnableEncryptablePropertiesBeanFactoryPostProcessor-Post-processing PropertySource instances
2025-03-16 10:08:43.438 [main] INFO  c.u.j.EncryptablePropertySourceConverter-Skipping PropertySource configurationProperties [class org.springframework.boot.context.properties.source.ConfigurationPropertySourcesPropertySource
2025-03-16 10:08:43.439 [main] INFO  c.u.j.EncryptablePropertySourceConverter-Skipping PropertySource servletConfigInitParams [class org.springframework.core.env.PropertySource$StubPropertySource
2025-03-16 10:08:43.439 [main] INFO  c.u.j.EncryptablePropertySourceConverter-Skipping PropertySource servletContextInitParams [class org.springframework.core.env.PropertySource$StubPropertySource
2025-03-16 10:08:43.440 [main] INFO  c.u.j.EncryptablePropertySourceConverter-Converting PropertySource systemProperties [org.springframework.core.env.PropertiesPropertySource] to EncryptableMapPropertySourceWrapper
2025-03-16 10:08:43.440 [main] INFO  c.u.j.EncryptablePropertySourceConverter-Converting PropertySource systemEnvironment [org.springframework.boot.env.SystemEnvironmentPropertySourceEnvironmentPostProcessor$OriginAwareSystemEnvironmentPropertySource] to EncryptableSystemEnvironmentPropertySourceWrapper
2025-03-16 10:08:43.440 [main] INFO  c.u.j.EncryptablePropertySourceConverter-Converting PropertySource random [org.springframework.boot.env.RandomValuePropertySource] to EncryptablePropertySourceWrapper
2025-03-16 10:08:43.440 [main] INFO  c.u.j.EncryptablePropertySourceConverter-Converting PropertySource Config resource 'class path resource [application.yml]' via location 'optional:classpath:/' [org.springframework.boot.env.OriginTrackedMapPropertySource] to EncryptableMapPropertySourceWrapper
2025-03-16 10:08:43.440 [main] INFO  c.u.j.EncryptablePropertySourceConverter-Converting PropertySource applicationInfo [org.springframework.boot.ApplicationInfoPropertySource] to EncryptableMapPropertySourceWrapper
2025-03-16 10:08:43.541 [main] INFO  c.u.j.filter.DefaultLazyPropertyFilter-Property Filter custom Bean not found with name 'encryptablePropertyFilter'. Initializing Default Property Filter
2025-03-16 10:08:43.546 [main] INFO  c.u.j.resolver.DefaultLazyPropertyResolver-Property Resolver custom Bean not found with name 'encryptablePropertyResolver'. Initializing Default Property Resolver
2025-03-16 10:08:43.547 [main] INFO  c.u.j.detector.DefaultLazyPropertyDetector-Property Detector custom Bean not found with name 'encryptablePropertyDetector'. Initializing Default Property Detector
2025-03-16 10:08:43.621 [main] INFO  o.s.boot.web.embedded.tomcat.TomcatWebServer-Tomcat initialized with port 8080 (http)
2025-03-16 10:08:43.631 [main] INFO  org.apache.coyote.http11.Http11NioProtocol-Initializing ProtocolHandler ["http-nio-8080"]
2025-03-16 10:08:43.632 [main] INFO  org.apache.catalina.core.StandardService-Starting service [Tomcat]
2025-03-16 10:08:43.632 [main] INFO  org.apache.catalina.core.StandardEngine-Starting Servlet engine: [Apache Tomcat/10.1.36]
2025-03-16 10:08:43.668 [main] INFO  o.a.c.core.ContainerBase.[Tomcat].[localhost].[/]-Initializing Spring embedded WebApplicationContext
2025-03-16 10:08:43.668 [main] INFO  o.s.b.w.s.c.ServletWebServerApplicationContext-Root WebApplicationContext: initialization completed in 1026 ms
2025-03-16 10:08:44.207 [main] INFO  org.apache.coyote.http11.Http11NioProtocol-Starting ProtocolHandler ["http-nio-8080"]
2025-03-16 10:08:44.218 [main] INFO  o.s.boot.web.embedded.tomcat.TomcatWebServer-Tomcat started on port 8080 (http) with context path '/'
2025-03-16 10:08:44.220 [main] INFO  c.u.j.caching.RefreshScopeRefreshedEventListener-Refreshing cached encryptable property sources on ServletWebServerInitializedEvent
2025-03-16 10:08:44.220 [main] INFO  c.u.j.c.CachingDelegateEncryptablePropertySource-Property Source systemProperties refreshed
2025-03-16 10:08:44.220 [main] INFO  c.u.j.c.CachingDelegateEncryptablePropertySource-Property Source systemEnvironment refreshed
2025-03-16 10:08:44.220 [main] INFO  c.u.j.c.CachingDelegateEncryptablePropertySource-Property Source random refreshed
2025-03-16 10:08:44.220 [main] INFO  c.u.j.c.CachingDelegateEncryptablePropertySource-Property Source Config resource 'class path resource [application.yml]' via location 'optional:classpath:/' refreshed
2025-03-16 10:08:44.220 [main] INFO  c.u.j.c.CachingDelegateEncryptablePropertySource-Property Source applicationInfo refreshed
2025-03-16 10:08:44.220 [main] INFO  c.u.j.EncryptablePropertySourceConverter-Skipping PropertySource configurationProperties [class org.springframework.boot.context.properties.source.ConfigurationPropertySourcesPropertySource
2025-03-16 10:08:44.220 [main] INFO  c.u.j.EncryptablePropertySourceConverter-Skipping PropertySource servletConfigInitParams [class org.springframework.core.env.PropertySource$StubPropertySource
2025-03-16 10:08:44.220 [main] INFO  c.u.j.EncryptablePropertySourceConverter-Converting PropertySource servletContextInitParams [org.springframework.web.context.support.ServletContextPropertySource] to EncryptableEnumerablePropertySourceWrapper
2025-03-16 10:08:44.224 [main] INFO  com.itheima.TliasWebManagementApplication-Started TliasWebManagementApplication in 1.938 seconds (process running for 3.092)
2025-03-16 10:08:46.065 [http-nio-8080-exec-2] INFO  o.a.c.core.ContainerBase.[Tomcat].[localhost].[/]-Initializing Spring DispatcherServlet 'dispatcherServlet'
2025-03-16 10:08:46.065 [http-nio-8080-exec-2] INFO  org.springframework.web.servlet.DispatcherServlet-Initializing Servlet 'dispatcherServlet'
2025-03-16 10:08:46.066 [http-nio-8080-exec-2] INFO  org.springframework.web.servlet.DispatcherServlet-Completed initialization in 0 ms
2025-03-16 10:08:46.131 [http-nio-8080-exec-2] INFO  com.itheima.controller.LoginController-员工登录:Emp(id=null, username=songjiang, password=123456, name=null, gender=null, phone=null, job=null, salary=null, image=null, entryDate=null, deptId=null, deptName=null, createTime=null, updateTime=null, exprList=null)
2025-03-16 10:08:46.148 [http-nio-8080-exec-2] INFO  com.zaxxer.hikari.HikariDataSource-HikariPool-1 - Starting...
2025-03-16 10:08:46.450 [http-nio-8080-exec-2] INFO  com.zaxxer.hikari.pool.HikariPool-HikariPool-1 - Added connection com.mysql.cj.jdbc.ConnectionImpl@1ab6f9e
2025-03-16 10:08:46.451 [http-nio-8080-exec-2] INFO  com.zaxxer.hikari.HikariDataSource-HikariPool-1 - Start completed.
2025-03-16 10:08:46.515 [http-nio-8080-exec-2] INFO  com.itheima.service.impl.EmpServiceImpl-登陆成功，员工信息：Emp(id=2, username=songjiang, password=null, name=宋江, gender=null, phone=null, job=null, salary=null, image=null, entryDate=null, deptId=null, deptName=null, createTime=null, updateTime=null, exprList=null)
2025-03-16 10:09:02.440 [http-nio-8080-exec-3] INFO  com.itheima.controller.LoginController-员工登录:Emp(id=null, username=songjiang, password=12345, name=null, gender=null, phone=null, job=null, salary=null, image=null, entryDate=null, deptId=null, deptName=null, createTime=null, updateTime=null, exprList=null)
2025-03-16 10:09:02.453 [http-nio-8080-exec-3] INFO  com.itheima.service.impl.EmpServiceImpl-登陆失败，用户名或密码错误
2025-03-16 10:09:48.155 [http-nio-8080-exec-4] INFO  com.itheima.controller.LoginController-员工登录:Emp(id=null, username=songjiang, password=123, name=null, gender=null, phone=null, job=null, salary=null, image=null, entryDate=null, deptId=null, deptName=null, createTime=null, updateTime=null, exprList=null)
2025-03-16 10:09:48.160 [http-nio-8080-exec-4] INFO  com.itheima.service.impl.EmpServiceImpl-登陆失败，用户名或密码错误
2025-03-16 10:09:51.422 [http-nio-8080-exec-6] INFO  com.itheima.controller.LoginController-员工登录:Emp(id=null, username=songjiang, password=123456, name=null, gender=null, phone=null, job=null, salary=null, image=null, entryDate=null, deptId=null, deptName=null, createTime=null, updateTime=null, exprList=null)
2025-03-16 10:09:51.426 [http-nio-8080-exec-6] INFO  com.itheima.service.impl.EmpServiceImpl-登陆成功，员工信息：Emp(id=2, username=songjiang, password=null, name=宋江, gender=null, phone=null, job=null, salary=null, image=null, entryDate=null, deptId=null, deptName=null, createTime=null, updateTime=null, exprList=null)
2025-03-16 12:26:09.149 [SpringApplicationShutdownHook] INFO  o.s.boot.web.embedded.tomcat.GracefulShutdown-Commencing graceful shutdown. Waiting for active requests to complete
2025-03-16 12:26:09.163 [tomcat-shutdown] INFO  o.s.boot.web.embedded.tomcat.GracefulShutdown-Graceful shutdown complete
2025-03-16 12:26:09.176 [SpringApplicationShutdownHook] INFO  com.zaxxer.hikari.HikariDataSource-HikariPool-1 - Shutdown initiated...
2025-03-16 12:26:09.189 [SpringApplicationShutdownHook] INFO  com.zaxxer.hikari.HikariDataSource-HikariPool-1 - Shutdown completed.
2025-03-16 12:57:40.161 [main] INFO  com.itheima.TliasWebManagementApplication-Starting TliasWebManagementApplication using Java 21.0.4 with PID 13620 (D:\java学习\web-ai-project02\tlias-web-management\target\classes started by ZIO in D:\java学习\web-ai-project02)
2025-03-16 12:57:40.163 [main] INFO  com.itheima.TliasWebManagementApplication-No active profile set, falling back to 1 default profile: "default"
2025-03-16 12:57:40.785 [main] INFO  c.u.j.c.EnableEncryptablePropertiesBeanFactoryPostProcessor-Post-processing PropertySource instances
2025-03-16 12:57:40.787 [main] INFO  c.u.j.EncryptablePropertySourceConverter-Skipping PropertySource configurationProperties [class org.springframework.boot.context.properties.source.ConfigurationPropertySourcesPropertySource
2025-03-16 12:57:40.787 [main] INFO  c.u.j.EncryptablePropertySourceConverter-Skipping PropertySource servletConfigInitParams [class org.springframework.core.env.PropertySource$StubPropertySource
2025-03-16 12:57:40.787 [main] INFO  c.u.j.EncryptablePropertySourceConverter-Skipping PropertySource servletContextInitParams [class org.springframework.core.env.PropertySource$StubPropertySource
2025-03-16 12:57:40.787 [main] INFO  c.u.j.EncryptablePropertySourceConverter-Converting PropertySource systemProperties [org.springframework.core.env.PropertiesPropertySource] to EncryptableMapPropertySourceWrapper
2025-03-16 12:57:40.787 [main] INFO  c.u.j.EncryptablePropertySourceConverter-Converting PropertySource systemEnvironment [org.springframework.boot.env.SystemEnvironmentPropertySourceEnvironmentPostProcessor$OriginAwareSystemEnvironmentPropertySource] to EncryptableSystemEnvironmentPropertySourceWrapper
2025-03-16 12:57:40.789 [main] INFO  c.u.j.EncryptablePropertySourceConverter-Converting PropertySource random [org.springframework.boot.env.RandomValuePropertySource] to EncryptablePropertySourceWrapper
2025-03-16 12:57:40.789 [main] INFO  c.u.j.EncryptablePropertySourceConverter-Converting PropertySource Config resource 'class path resource [application.yml]' via location 'optional:classpath:/' [org.springframework.boot.env.OriginTrackedMapPropertySource] to EncryptableMapPropertySourceWrapper
2025-03-16 12:57:40.789 [main] INFO  c.u.j.EncryptablePropertySourceConverter-Converting PropertySource applicationInfo [org.springframework.boot.ApplicationInfoPropertySource] to EncryptableMapPropertySourceWrapper
2025-03-16 12:57:40.899 [main] INFO  c.u.j.filter.DefaultLazyPropertyFilter-Property Filter custom Bean not found with name 'encryptablePropertyFilter'. Initializing Default Property Filter
2025-03-16 12:57:40.905 [main] INFO  c.u.j.resolver.DefaultLazyPropertyResolver-Property Resolver custom Bean not found with name 'encryptablePropertyResolver'. Initializing Default Property Resolver
2025-03-16 12:57:40.906 [main] INFO  c.u.j.detector.DefaultLazyPropertyDetector-Property Detector custom Bean not found with name 'encryptablePropertyDetector'. Initializing Default Property Detector
2025-03-16 12:57:40.982 [main] INFO  o.s.boot.web.embedded.tomcat.TomcatWebServer-Tomcat initialized with port 8080 (http)
2025-03-16 12:57:40.992 [main] INFO  org.apache.coyote.http11.Http11NioProtocol-Initializing ProtocolHandler ["http-nio-8080"]
2025-03-16 12:57:40.994 [main] INFO  org.apache.catalina.core.StandardService-Starting service [Tomcat]
2025-03-16 12:57:40.995 [main] INFO  org.apache.catalina.core.StandardEngine-Starting Servlet engine: [Apache Tomcat/10.1.36]
2025-03-16 12:57:41.043 [main] INFO  o.a.c.core.ContainerBase.[Tomcat].[localhost].[/]-Initializing Spring embedded WebApplicationContext
2025-03-16 12:57:41.043 [main] INFO  o.s.b.w.s.c.ServletWebServerApplicationContext-Root WebApplicationContext: initialization completed in 857 ms
2025-03-16 12:57:41.522 [main] INFO  org.apache.coyote.http11.Http11NioProtocol-Starting ProtocolHandler ["http-nio-8080"]
2025-03-16 12:57:41.535 [main] INFO  o.s.boot.web.embedded.tomcat.TomcatWebServer-Tomcat started on port 8080 (http) with context path '/'
2025-03-16 12:57:41.536 [main] INFO  c.u.j.caching.RefreshScopeRefreshedEventListener-Refreshing cached encryptable property sources on ServletWebServerInitializedEvent
2025-03-16 12:57:41.536 [main] INFO  c.u.j.c.CachingDelegateEncryptablePropertySource-Property Source systemProperties refreshed
2025-03-16 12:57:41.536 [main] INFO  c.u.j.c.CachingDelegateEncryptablePropertySource-Property Source systemEnvironment refreshed
2025-03-16 12:57:41.536 [main] INFO  c.u.j.c.CachingDelegateEncryptablePropertySource-Property Source random refreshed
2025-03-16 12:57:41.536 [main] INFO  c.u.j.c.CachingDelegateEncryptablePropertySource-Property Source Config resource 'class path resource [application.yml]' via location 'optional:classpath:/' refreshed
2025-03-16 12:57:41.536 [main] INFO  c.u.j.c.CachingDelegateEncryptablePropertySource-Property Source applicationInfo refreshed
2025-03-16 12:57:41.537 [main] INFO  c.u.j.EncryptablePropertySourceConverter-Skipping PropertySource configurationProperties [class org.springframework.boot.context.properties.source.ConfigurationPropertySourcesPropertySource
2025-03-16 12:57:41.537 [main] INFO  c.u.j.EncryptablePropertySourceConverter-Skipping PropertySource servletConfigInitParams [class org.springframework.core.env.PropertySource$StubPropertySource
2025-03-16 12:57:41.537 [main] INFO  c.u.j.EncryptablePropertySourceConverter-Converting PropertySource servletContextInitParams [org.springframework.web.context.support.ServletContextPropertySource] to EncryptableEnumerablePropertySourceWrapper
2025-03-16 12:57:41.542 [main] INFO  com.itheima.TliasWebManagementApplication-Started TliasWebManagementApplication in 1.635 seconds (process running for 2.287)
2025-03-16 12:57:55.274 [http-nio-8080-exec-2] INFO  o.a.c.core.ContainerBase.[Tomcat].[localhost].[/]-Initializing Spring DispatcherServlet 'dispatcherServlet'
2025-03-16 12:57:55.274 [http-nio-8080-exec-2] INFO  org.springframework.web.servlet.DispatcherServlet-Initializing Servlet 'dispatcherServlet'
2025-03-16 12:57:55.275 [http-nio-8080-exec-2] INFO  org.springframework.web.servlet.DispatcherServlet-Completed initialization in 1 ms
2025-03-16 12:57:55.334 [http-nio-8080-exec-2] INFO  com.itheima.controller.LoginController-员工登录:Emp(id=null, username=songjiang, password=123456, name=null, gender=null, phone=null, job=null, salary=null, image=null, entryDate=null, deptId=null, deptName=null, createTime=null, updateTime=null, exprList=null)
2025-03-16 12:57:55.350 [http-nio-8080-exec-2] INFO  com.zaxxer.hikari.HikariDataSource-HikariPool-1 - Starting...
2025-03-16 12:57:55.566 [http-nio-8080-exec-2] INFO  com.zaxxer.hikari.pool.HikariPool-HikariPool-1 - Added connection com.mysql.cj.jdbc.ConnectionImpl@42cedbfd
2025-03-16 12:57:55.567 [http-nio-8080-exec-2] INFO  com.zaxxer.hikari.HikariDataSource-HikariPool-1 - Start completed.
2025-03-16 12:57:55.607 [http-nio-8080-exec-2] INFO  com.itheima.service.impl.EmpServiceImpl-登陆成功，员工信息：Emp(id=2, username=songjiang, password=null, name=宋江, gender=null, phone=null, job=null, salary=null, image=null, entryDate=null, deptId=null, deptName=null, createTime=null, updateTime=null, exprList=null)
2025-03-16 12:58:22.096 [http-nio-8080-exec-3] INFO  com.itheima.controller.LoginController-员工登录:Emp(id=null, username=songjiang, password=123456, name=null, gender=null, phone=null, job=null, salary=null, image=null, entryDate=null, deptId=null, deptName=null, createTime=null, updateTime=null, exprList=null)
2025-03-16 12:58:22.098 [http-nio-8080-exec-3] INFO  com.itheima.service.impl.EmpServiceImpl-登陆成功，员工信息：Emp(id=2, username=songjiang, password=null, name=宋江, gender=null, phone=null, job=null, salary=null, image=null, entryDate=null, deptId=null, deptName=null, createTime=null, updateTime=null, exprList=null)
2025-03-16 13:04:31.960 [SpringApplicationShutdownHook] INFO  o.s.boot.web.embedded.tomcat.GracefulShutdown-Commencing graceful shutdown. Waiting for active requests to complete
2025-03-16 13:04:31.964 [tomcat-shutdown] INFO  o.s.boot.web.embedded.tomcat.GracefulShutdown-Graceful shutdown complete
2025-03-16 13:04:31.967 [SpringApplicationShutdownHook] INFO  com.zaxxer.hikari.HikariDataSource-HikariPool-1 - Shutdown initiated...
2025-03-16 13:04:31.972 [SpringApplicationShutdownHook] INFO  com.zaxxer.hikari.HikariDataSource-HikariPool-1 - Shutdown completed.
2025-03-16 15:06:37.032 [main] INFO  com.itheima.TliasWebManagementApplication-Starting TliasWebManagementApplication using Java 21.0.4 with PID 35084 (D:\java学习\web-ai-project02\tlias-web-management\target\classes started by ZIO in D:\java学习\web-ai-project02)
2025-03-16 15:06:37.034 [main] INFO  com.itheima.TliasWebManagementApplication-No active profile set, falling back to 1 default profile: "default"
2025-03-16 15:06:37.905 [main] INFO  c.u.j.c.EnableEncryptablePropertiesBeanFactoryPostProcessor-Post-processing PropertySource instances
2025-03-16 15:06:37.906 [main] INFO  c.u.j.EncryptablePropertySourceConverter-Skipping PropertySource configurationProperties [class org.springframework.boot.context.properties.source.ConfigurationPropertySourcesPropertySource
2025-03-16 15:06:37.907 [main] INFO  c.u.j.EncryptablePropertySourceConverter-Skipping PropertySource servletConfigInitParams [class org.springframework.core.env.PropertySource$StubPropertySource
2025-03-16 15:06:37.907 [main] INFO  c.u.j.EncryptablePropertySourceConverter-Skipping PropertySource servletContextInitParams [class org.springframework.core.env.PropertySource$StubPropertySource
2025-03-16 15:06:37.908 [main] INFO  c.u.j.EncryptablePropertySourceConverter-Converting PropertySource systemProperties [org.springframework.core.env.PropertiesPropertySource] to EncryptableMapPropertySourceWrapper
2025-03-16 15:06:37.908 [main] INFO  c.u.j.EncryptablePropertySourceConverter-Converting PropertySource systemEnvironment [org.springframework.boot.env.SystemEnvironmentPropertySourceEnvironmentPostProcessor$OriginAwareSystemEnvironmentPropertySource] to EncryptableSystemEnvironmentPropertySourceWrapper
2025-03-16 15:06:37.908 [main] INFO  c.u.j.EncryptablePropertySourceConverter-Converting PropertySource random [org.springframework.boot.env.RandomValuePropertySource] to EncryptablePropertySourceWrapper
2025-03-16 15:06:37.908 [main] INFO  c.u.j.EncryptablePropertySourceConverter-Converting PropertySource Config resource 'class path resource [application.yml]' via location 'optional:classpath:/' [org.springframework.boot.env.OriginTrackedMapPropertySource] to EncryptableMapPropertySourceWrapper
2025-03-16 15:06:37.908 [main] INFO  c.u.j.EncryptablePropertySourceConverter-Converting PropertySource applicationInfo [org.springframework.boot.ApplicationInfoPropertySource] to EncryptableMapPropertySourceWrapper
2025-03-16 15:06:38.049 [main] INFO  c.u.j.filter.DefaultLazyPropertyFilter-Property Filter custom Bean not found with name 'encryptablePropertyFilter'. Initializing Default Property Filter
2025-03-16 15:06:38.055 [main] INFO  c.u.j.resolver.DefaultLazyPropertyResolver-Property Resolver custom Bean not found with name 'encryptablePropertyResolver'. Initializing Default Property Resolver
2025-03-16 15:06:38.056 [main] INFO  c.u.j.detector.DefaultLazyPropertyDetector-Property Detector custom Bean not found with name 'encryptablePropertyDetector'. Initializing Default Property Detector
2025-03-16 15:06:38.152 [main] INFO  o.s.boot.web.embedded.tomcat.TomcatWebServer-Tomcat initialized with port 8080 (http)
2025-03-16 15:06:38.165 [main] INFO  org.apache.coyote.http11.Http11NioProtocol-Initializing ProtocolHandler ["http-nio-8080"]
2025-03-16 15:06:38.166 [main] INFO  org.apache.catalina.core.StandardService-Starting service [Tomcat]
2025-03-16 15:06:38.166 [main] INFO  org.apache.catalina.core.StandardEngine-Starting Servlet engine: [Apache Tomcat/10.1.36]
2025-03-16 15:06:38.198 [main] INFO  o.a.c.core.ContainerBase.[Tomcat].[localhost].[/]-Initializing Spring embedded WebApplicationContext
2025-03-16 15:06:38.198 [main] INFO  o.s.b.w.s.c.ServletWebServerApplicationContext-Root WebApplicationContext: initialization completed in 1132 ms
2025-03-16 15:06:38.717 [main] INFO  org.apache.coyote.http11.Http11NioProtocol-Starting ProtocolHandler ["http-nio-8080"]
2025-03-16 15:06:38.731 [main] INFO  o.s.boot.web.embedded.tomcat.TomcatWebServer-Tomcat started on port 8080 (http) with context path '/'
2025-03-16 15:06:38.732 [main] INFO  c.u.j.caching.RefreshScopeRefreshedEventListener-Refreshing cached encryptable property sources on ServletWebServerInitializedEvent
2025-03-16 15:06:38.732 [main] INFO  c.u.j.c.CachingDelegateEncryptablePropertySource-Property Source systemProperties refreshed
2025-03-16 15:06:38.732 [main] INFO  c.u.j.c.CachingDelegateEncryptablePropertySource-Property Source systemEnvironment refreshed
2025-03-16 15:06:38.732 [main] INFO  c.u.j.c.CachingDelegateEncryptablePropertySource-Property Source random refreshed
2025-03-16 15:06:38.732 [main] INFO  c.u.j.c.CachingDelegateEncryptablePropertySource-Property Source Config resource 'class path resource [application.yml]' via location 'optional:classpath:/' refreshed
2025-03-16 15:06:38.732 [main] INFO  c.u.j.c.CachingDelegateEncryptablePropertySource-Property Source applicationInfo refreshed
2025-03-16 15:06:38.732 [main] INFO  c.u.j.EncryptablePropertySourceConverter-Skipping PropertySource configurationProperties [class org.springframework.boot.context.properties.source.ConfigurationPropertySourcesPropertySource
2025-03-16 15:06:38.732 [main] INFO  c.u.j.EncryptablePropertySourceConverter-Skipping PropertySource servletConfigInitParams [class org.springframework.core.env.PropertySource$StubPropertySource
2025-03-16 15:06:38.732 [main] INFO  c.u.j.EncryptablePropertySourceConverter-Converting PropertySource servletContextInitParams [org.springframework.web.context.support.ServletContextPropertySource] to EncryptableEnumerablePropertySourceWrapper
2025-03-16 15:06:38.736 [main] INFO  com.itheima.TliasWebManagementApplication-Started TliasWebManagementApplication in 1.995 seconds (process running for 3.24)
2025-03-16 15:06:40.676 [http-nio-8080-exec-3] INFO  o.a.c.core.ContainerBase.[Tomcat].[localhost].[/]-Initializing Spring DispatcherServlet 'dispatcherServlet'
2025-03-16 15:06:40.676 [http-nio-8080-exec-3] INFO  org.springframework.web.servlet.DispatcherServlet-Initializing Servlet 'dispatcherServlet'
2025-03-16 15:06:40.677 [http-nio-8080-exec-3] INFO  org.springframework.web.servlet.DispatcherServlet-Completed initialization in 1 ms
2025-03-16 15:06:40.748 [http-nio-8080-exec-3] INFO  com.itheima.controller.LoginController-员工登录:Emp(id=null, username=songjiang, password=123456, name=null, gender=null, phone=null, job=null, salary=null, image=null, entryDate=null, deptId=null, deptName=null, createTime=null, updateTime=null, exprList=null)
2025-03-16 15:06:40.766 [http-nio-8080-exec-3] INFO  com.zaxxer.hikari.HikariDataSource-HikariPool-1 - Starting...
2025-03-16 15:06:41.055 [http-nio-8080-exec-3] INFO  com.zaxxer.hikari.pool.HikariPool-HikariPool-1 - Added connection com.mysql.cj.jdbc.ConnectionImpl@5187cd5e
2025-03-16 15:06:41.057 [http-nio-8080-exec-3] INFO  com.zaxxer.hikari.HikariDataSource-HikariPool-1 - Start completed.
2025-03-16 15:06:41.099 [http-nio-8080-exec-3] INFO  com.itheima.service.impl.EmpServiceImpl-登陆成功，员工信息：Emp(id=2, username=songjiang, password=null, name=宋江, gender=null, phone=null, job=null, salary=null, image=null, entryDate=null, deptId=null, deptName=null, createTime=null, updateTime=null, exprList=null)
2025-03-16 15:07:12.713 [http-nio-8080-exec-2] INFO  com.itheima.interceptor.TokenInterceptor-token不存在
2025-03-16 15:07:17.694 [http-nio-8080-exec-4] INFO  com.itheima.interceptor.TokenInterceptor-token不存在
2025-03-16 15:07:47.901 [SpringApplicationShutdownHook] INFO  o.s.boot.web.embedded.tomcat.GracefulShutdown-Commencing graceful shutdown. Waiting for active requests to complete
2025-03-16 15:07:47.905 [tomcat-shutdown] INFO  o.s.boot.web.embedded.tomcat.GracefulShutdown-Graceful shutdown complete
2025-03-16 15:07:47.908 [SpringApplicationShutdownHook] INFO  com.zaxxer.hikari.HikariDataSource-HikariPool-1 - Shutdown initiated...
2025-03-16 15:07:47.914 [SpringApplicationShutdownHook] INFO  com.zaxxer.hikari.HikariDataSource-HikariPool-1 - Shutdown completed.
2025-03-16 15:08:06.701 [main] INFO  com.itheima.TliasWebManagementApplication-Starting TliasWebManagementApplication using Java 21.0.4 with PID 33812 (D:\java学习\web-ai-project02\tlias-web-management\target\classes started by ZIO in D:\java学习\web-ai-project02)
2025-03-16 15:08:06.703 [main] INFO  com.itheima.TliasWebManagementApplication-No active profile set, falling back to 1 default profile: "default"
2025-03-16 15:08:07.375 [main] INFO  c.u.j.c.EnableEncryptablePropertiesBeanFactoryPostProcessor-Post-processing PropertySource instances
2025-03-16 15:08:07.375 [main] INFO  c.u.j.EncryptablePropertySourceConverter-Skipping PropertySource configurationProperties [class org.springframework.boot.context.properties.source.ConfigurationPropertySourcesPropertySource
2025-03-16 15:08:07.376 [main] INFO  c.u.j.EncryptablePropertySourceConverter-Skipping PropertySource servletConfigInitParams [class org.springframework.core.env.PropertySource$StubPropertySource
2025-03-16 15:08:07.376 [main] INFO  c.u.j.EncryptablePropertySourceConverter-Skipping PropertySource servletContextInitParams [class org.springframework.core.env.PropertySource$StubPropertySource
2025-03-16 15:08:07.377 [main] INFO  c.u.j.EncryptablePropertySourceConverter-Converting PropertySource systemProperties [org.springframework.core.env.PropertiesPropertySource] to EncryptableMapPropertySourceWrapper
2025-03-16 15:08:07.377 [main] INFO  c.u.j.EncryptablePropertySourceConverter-Converting PropertySource systemEnvironment [org.springframework.boot.env.SystemEnvironmentPropertySourceEnvironmentPostProcessor$OriginAwareSystemEnvironmentPropertySource] to EncryptableSystemEnvironmentPropertySourceWrapper
2025-03-16 15:08:07.377 [main] INFO  c.u.j.EncryptablePropertySourceConverter-Converting PropertySource random [org.springframework.boot.env.RandomValuePropertySource] to EncryptablePropertySourceWrapper
2025-03-16 15:08:07.377 [main] INFO  c.u.j.EncryptablePropertySourceConverter-Converting PropertySource Config resource 'class path resource [application.yml]' via location 'optional:classpath:/' [org.springframework.boot.env.OriginTrackedMapPropertySource] to EncryptableMapPropertySourceWrapper
2025-03-16 15:08:07.377 [main] INFO  c.u.j.EncryptablePropertySourceConverter-Converting PropertySource applicationInfo [org.springframework.boot.ApplicationInfoPropertySource] to EncryptableMapPropertySourceWrapper
2025-03-16 15:08:07.490 [main] INFO  c.u.j.filter.DefaultLazyPropertyFilter-Property Filter custom Bean not found with name 'encryptablePropertyFilter'. Initializing Default Property Filter
2025-03-16 15:08:07.494 [main] INFO  c.u.j.resolver.DefaultLazyPropertyResolver-Property Resolver custom Bean not found with name 'encryptablePropertyResolver'. Initializing Default Property Resolver
2025-03-16 15:08:07.495 [main] INFO  c.u.j.detector.DefaultLazyPropertyDetector-Property Detector custom Bean not found with name 'encryptablePropertyDetector'. Initializing Default Property Detector
2025-03-16 15:08:07.561 [main] INFO  o.s.boot.web.embedded.tomcat.TomcatWebServer-Tomcat initialized with port 8080 (http)
2025-03-16 15:08:07.569 [main] INFO  org.apache.coyote.http11.Http11NioProtocol-Initializing ProtocolHandler ["http-nio-8080"]
2025-03-16 15:08:07.570 [main] INFO  org.apache.catalina.core.StandardService-Starting service [Tomcat]
2025-03-16 15:08:07.570 [main] INFO  org.apache.catalina.core.StandardEngine-Starting Servlet engine: [Apache Tomcat/10.1.36]
2025-03-16 15:08:07.599 [main] INFO  o.a.c.core.ContainerBase.[Tomcat].[localhost].[/]-Initializing Spring embedded WebApplicationContext
2025-03-16 15:08:07.600 [main] INFO  o.s.b.w.s.c.ServletWebServerApplicationContext-Root WebApplicationContext: initialization completed in 869 ms
2025-03-16 15:08:08.036 [main] INFO  org.apache.coyote.http11.Http11NioProtocol-Starting ProtocolHandler ["http-nio-8080"]
2025-03-16 15:08:08.048 [main] INFO  o.s.boot.web.embedded.tomcat.TomcatWebServer-Tomcat started on port 8080 (http) with context path '/'
2025-03-16 15:08:08.049 [main] INFO  c.u.j.caching.RefreshScopeRefreshedEventListener-Refreshing cached encryptable property sources on ServletWebServerInitializedEvent
2025-03-16 15:08:08.049 [main] INFO  c.u.j.c.CachingDelegateEncryptablePropertySource-Property Source systemProperties refreshed
2025-03-16 15:08:08.049 [main] INFO  c.u.j.c.CachingDelegateEncryptablePropertySource-Property Source systemEnvironment refreshed
2025-03-16 15:08:08.049 [main] INFO  c.u.j.c.CachingDelegateEncryptablePropertySource-Property Source random refreshed
2025-03-16 15:08:08.049 [main] INFO  c.u.j.c.CachingDelegateEncryptablePropertySource-Property Source Config resource 'class path resource [application.yml]' via location 'optional:classpath:/' refreshed
2025-03-16 15:08:08.049 [main] INFO  c.u.j.c.CachingDelegateEncryptablePropertySource-Property Source applicationInfo refreshed
2025-03-16 15:08:08.050 [main] INFO  c.u.j.EncryptablePropertySourceConverter-Skipping PropertySource configurationProperties [class org.springframework.boot.context.properties.source.ConfigurationPropertySourcesPropertySource
2025-03-16 15:08:08.050 [main] INFO  c.u.j.EncryptablePropertySourceConverter-Skipping PropertySource servletConfigInitParams [class org.springframework.core.env.PropertySource$StubPropertySource
2025-03-16 15:08:08.050 [main] INFO  c.u.j.EncryptablePropertySourceConverter-Converting PropertySource servletContextInitParams [org.springframework.web.context.support.ServletContextPropertySource] to EncryptableEnumerablePropertySourceWrapper
2025-03-16 15:08:08.054 [main] INFO  com.itheima.TliasWebManagementApplication-Started TliasWebManagementApplication in 1.61 seconds (process running for 2.13)
2025-03-16 15:08:15.438 [http-nio-8080-exec-3] INFO  o.a.c.core.ContainerBase.[Tomcat].[localhost].[/]-Initializing Spring DispatcherServlet 'dispatcherServlet'
2025-03-16 15:08:15.438 [http-nio-8080-exec-3] INFO  org.springframework.web.servlet.DispatcherServlet-Initializing Servlet 'dispatcherServlet'
2025-03-16 15:08:15.439 [http-nio-8080-exec-3] INFO  org.springframework.web.servlet.DispatcherServlet-Completed initialization in 1 ms
2025-03-16 15:08:15.458 [http-nio-8080-exec-3] INFO  com.itheima.interceptor.TokenInterceptor-token不存在
2025-03-16 15:08:18.456 [http-nio-8080-exec-2] INFO  com.itheima.controller.LoginController-员工登录:Emp(id=null, username=songjiang, password=123456, name=null, gender=null, phone=null, job=null, salary=null, image=null, entryDate=null, deptId=null, deptName=null, createTime=null, updateTime=null, exprList=null)
2025-03-16 15:08:18.470 [http-nio-8080-exec-2] INFO  com.zaxxer.hikari.HikariDataSource-HikariPool-1 - Starting...
2025-03-16 15:08:18.675 [http-nio-8080-exec-2] INFO  com.zaxxer.hikari.pool.HikariPool-HikariPool-1 - Added connection com.mysql.cj.jdbc.ConnectionImpl@2cf7995f
2025-03-16 15:08:18.676 [http-nio-8080-exec-2] INFO  com.zaxxer.hikari.HikariDataSource-HikariPool-1 - Start completed.
2025-03-16 15:08:18.715 [http-nio-8080-exec-2] INFO  com.itheima.service.impl.EmpServiceImpl-登陆成功，员工信息：Emp(id=2, username=songjiang, password=null, name=宋江, gender=null, phone=null, job=null, salary=null, image=null, entryDate=null, deptId=null, deptName=null, createTime=null, updateTime=null, exprList=null)
2025-03-16 15:11:51.285 [SpringApplicationShutdownHook] INFO  o.s.boot.web.embedded.tomcat.GracefulShutdown-Commencing graceful shutdown. Waiting for active requests to complete
2025-03-16 15:11:51.289 [tomcat-shutdown] INFO  o.s.boot.web.embedded.tomcat.GracefulShutdown-Graceful shutdown complete
2025-03-16 15:11:51.292 [SpringApplicationShutdownHook] INFO  com.zaxxer.hikari.HikariDataSource-HikariPool-1 - Shutdown initiated...
2025-03-16 15:11:51.296 [SpringApplicationShutdownHook] INFO  com.zaxxer.hikari.HikariDataSource-HikariPool-1 - Shutdown completed.
2025-03-16 15:11:54.897 [main] INFO  com.itheima.TliasWebManagementApplication-Starting TliasWebManagementApplication using Java 21.0.4 with PID 35452 (D:\java学习\web-ai-project02\tlias-web-management\target\classes started by ZIO in D:\java学习\web-ai-project02)
2025-03-16 15:11:54.898 [main] INFO  com.itheima.TliasWebManagementApplication-No active profile set, falling back to 1 default profile: "default"
2025-03-16 15:11:55.357 [main] INFO  c.u.j.c.EnableEncryptablePropertiesBeanFactoryPostProcessor-Post-processing PropertySource instances
2025-03-16 15:11:55.358 [main] INFO  c.u.j.EncryptablePropertySourceConverter-Skipping PropertySource configurationProperties [class org.springframework.boot.context.properties.source.ConfigurationPropertySourcesPropertySource
2025-03-16 15:11:55.359 [main] INFO  c.u.j.EncryptablePropertySourceConverter-Skipping PropertySource servletConfigInitParams [class org.springframework.core.env.PropertySource$StubPropertySource
2025-03-16 15:11:55.359 [main] INFO  c.u.j.EncryptablePropertySourceConverter-Skipping PropertySource servletContextInitParams [class org.springframework.core.env.PropertySource$StubPropertySource
2025-03-16 15:11:55.359 [main] INFO  c.u.j.EncryptablePropertySourceConverter-Converting PropertySource systemProperties [org.springframework.core.env.PropertiesPropertySource] to EncryptableMapPropertySourceWrapper
2025-03-16 15:11:55.359 [main] INFO  c.u.j.EncryptablePropertySourceConverter-Converting PropertySource systemEnvironment [org.springframework.boot.env.SystemEnvironmentPropertySourceEnvironmentPostProcessor$OriginAwareSystemEnvironmentPropertySource] to EncryptableSystemEnvironmentPropertySourceWrapper
2025-03-16 15:11:55.359 [main] INFO  c.u.j.EncryptablePropertySourceConverter-Converting PropertySource random [org.springframework.boot.env.RandomValuePropertySource] to EncryptablePropertySourceWrapper
2025-03-16 15:11:55.360 [main] INFO  c.u.j.EncryptablePropertySourceConverter-Converting PropertySource Config resource 'class path resource [application.yml]' via location 'optional:classpath:/' [org.springframework.boot.env.OriginTrackedMapPropertySource] to EncryptableMapPropertySourceWrapper
2025-03-16 15:11:55.360 [main] INFO  c.u.j.EncryptablePropertySourceConverter-Converting PropertySource applicationInfo [org.springframework.boot.ApplicationInfoPropertySource] to EncryptableMapPropertySourceWrapper
2025-03-16 15:11:55.461 [main] INFO  c.u.j.filter.DefaultLazyPropertyFilter-Property Filter custom Bean not found with name 'encryptablePropertyFilter'. Initializing Default Property Filter
2025-03-16 15:11:55.465 [main] INFO  c.u.j.resolver.DefaultLazyPropertyResolver-Property Resolver custom Bean not found with name 'encryptablePropertyResolver'. Initializing Default Property Resolver
2025-03-16 15:11:55.466 [main] INFO  c.u.j.detector.DefaultLazyPropertyDetector-Property Detector custom Bean not found with name 'encryptablePropertyDetector'. Initializing Default Property Detector
2025-03-16 15:11:55.538 [main] INFO  o.s.boot.web.embedded.tomcat.TomcatWebServer-Tomcat initialized with port 8080 (http)
2025-03-16 15:11:55.546 [main] INFO  org.apache.coyote.http11.Http11NioProtocol-Initializing ProtocolHandler ["http-nio-8080"]
2025-03-16 15:11:55.548 [main] INFO  org.apache.catalina.core.StandardService-Starting service [Tomcat]
2025-03-16 15:11:55.548 [main] INFO  org.apache.catalina.core.StandardEngine-Starting Servlet engine: [Apache Tomcat/10.1.36]
2025-03-16 15:11:55.579 [main] INFO  o.a.c.core.ContainerBase.[Tomcat].[localhost].[/]-Initializing Spring embedded WebApplicationContext
2025-03-16 15:11:55.580 [main] INFO  o.s.b.w.s.c.ServletWebServerApplicationContext-Root WebApplicationContext: initialization completed in 654 ms
2025-03-16 15:11:56.011 [main] INFO  org.apache.coyote.http11.Http11NioProtocol-Starting ProtocolHandler ["http-nio-8080"]
2025-03-16 15:11:56.023 [main] INFO  o.s.boot.web.embedded.tomcat.TomcatWebServer-Tomcat started on port 8080 (http) with context path '/'
2025-03-16 15:11:56.023 [main] INFO  c.u.j.caching.RefreshScopeRefreshedEventListener-Refreshing cached encryptable property sources on ServletWebServerInitializedEvent
2025-03-16 15:11:56.023 [main] INFO  c.u.j.c.CachingDelegateEncryptablePropertySource-Property Source systemProperties refreshed
2025-03-16 15:11:56.024 [main] INFO  c.u.j.c.CachingDelegateEncryptablePropertySource-Property Source systemEnvironment refreshed
2025-03-16 15:11:56.024 [main] INFO  c.u.j.c.CachingDelegateEncryptablePropertySource-Property Source random refreshed
2025-03-16 15:11:56.024 [main] INFO  c.u.j.c.CachingDelegateEncryptablePropertySource-Property Source Config resource 'class path resource [application.yml]' via location 'optional:classpath:/' refreshed
2025-03-16 15:11:56.024 [main] INFO  c.u.j.c.CachingDelegateEncryptablePropertySource-Property Source applicationInfo refreshed
2025-03-16 15:11:56.024 [main] INFO  c.u.j.EncryptablePropertySourceConverter-Skipping PropertySource configurationProperties [class org.springframework.boot.context.properties.source.ConfigurationPropertySourcesPropertySource
2025-03-16 15:11:56.024 [main] INFO  c.u.j.EncryptablePropertySourceConverter-Skipping PropertySource servletConfigInitParams [class org.springframework.core.env.PropertySource$StubPropertySource
2025-03-16 15:11:56.024 [main] INFO  c.u.j.EncryptablePropertySourceConverter-Converting PropertySource servletContextInitParams [org.springframework.web.context.support.ServletContextPropertySource] to EncryptableEnumerablePropertySourceWrapper
2025-03-16 15:11:56.028 [main] INFO  com.itheima.TliasWebManagementApplication-Started TliasWebManagementApplication in 1.362 seconds (process running for 1.885)
2025-03-16 16:32:57.457 [SpringApplicationShutdownHook] INFO  o.s.boot.web.embedded.tomcat.GracefulShutdown-Commencing graceful shutdown. Waiting for active requests to complete
2025-03-16 16:32:57.485 [tomcat-shutdown] INFO  o.s.boot.web.embedded.tomcat.GracefulShutdown-Graceful shutdown complete
